2022-09-09 15:35:11,908 : ERROR : main :  : MAEFileUtils :  :  : Schrodinger Knime plugins: Neither SCHRODINGER environment nor preference is set. You can set SCHRODINGER installation location in the Schrodinger Preferences.
2022-09-09 15:35:11,910 : WARN  : main :  : SchrodFileUtils :  :  : SCHRODINGER is not set properly.
2022-09-09 15:35:11,924 : WARN  : Thread-11 :  : PythonService :  :  : PythonService is not initilized
2022-09-09 15:35:11,924 : WARN  : Thread-11 :  : PythonService :  :  : Failed to start python service.
2022-09-09 15:36:18,792 : WARN  : ForkJoinPool.commonPool-worker-1 :  : MoePreferencePage :  :  : Path to MOE not set in Preferences. Please check!
2022-10-06 19:32:39,006 : WARN  : main :  : Node : CSV Reader : 3:1 : Please specify a file
2022-10-06 19:32:39,313 : WARN  : main :  : FontStore :  :  : Using the system default font for annotations: Font {139931984038224}
2022-10-06 19:43:44,601 : ERROR : main :  : MAEFileUtils :  :  : Schrodinger Knime plugins: Neither SCHRODINGER environment nor preference is set. You can set SCHRODINGER installation location in the Schrodinger Preferences.
2022-10-06 19:43:44,603 : WARN  : main :  : SchrodFileUtils :  :  : SCHRODINGER is not set properly.
2022-10-06 19:43:44,615 : WARN  : Thread-8 :  : PythonService :  :  : PythonService is not initilized
2022-10-06 19:43:44,615 : WARN  : Thread-8 :  : PythonService :  :  : Failed to start python service.
2022-10-06 19:44:12,522 : WARN  : ForkJoinPool.commonPool-worker-1 :  : MoePreferencePage :  :  : Path to MOE not set in Preferences. Please check!
2022-10-06 19:44:13,160 : WARN  : main :  : FontStore :  :  : Using the system default font for annotations: Font {139761125548320}
2022-10-06 19:47:21,212 : WARN  : main :  : Node : Rank Correlation : 3:4 : Auto configuration: Using all suitable columns (in total 4)
2022-10-06 20:05:28,514 : WARN  : main :  : Node : CSV Reader : 4:1 : Please specify a file
2022-10-06 20:06:24,009 : WARN  : main :  : Node : Row Sampling : 4:2 : No sampling method selected
2022-10-06 20:09:52,598 : WARN  : main :  : Node : Column Merger : 4:4 : No settings available
2022-10-06 20:11:38,125 : WARN  : main :  : Node : Column Combiner : 4:5 : No settings available.
2022-10-06 20:13:02,874 : WARN  : main :  : WrappedNodeDialog : Column Combiner : 4:5 : failed to apply settings: Quote field is empty
org.knime.core.node.InvalidSettingsException: Quote field is empty
	at org.knime.base.node.preproc.colcombine2.ColCombine2NodeDialog.saveSettingsTo(ColCombine2NodeDialog.java:251)
	at org.knime.core.node.NodeDialogPane.internalSaveSettingsTo(NodeDialogPane.java:540)
	at org.knime.core.node.NodeDialogPane$4.run(NodeDialogPane.java:779)
	at org.knime.core.node.util.ViewUtils$3.run(ViewUtils.java:353)
	at org.knime.core.node.util.ViewUtils$2.run(ViewUtils.java:155)
	at java.desktop/java.awt.event.InvocationEvent.dispatch(Unknown Source)
	at java.desktop/java.awt.EventQueue.dispatchEventImpl(Unknown Source)
	at java.desktop/java.awt.EventQueue$4.run(Unknown Source)
	at java.desktop/java.awt.EventQueue$4.run(Unknown Source)
	at java.base/java.security.AccessController.doPrivileged(Unknown Source)
	at java.base/java.security.ProtectionDomain$JavaSecurityAccessImpl.doIntersectionPrivilege(Unknown Source)
	at java.desktop/java.awt.EventQueue.dispatchEvent(Unknown Source)
	at java.desktop/java.awt.EventDispatchThread.pumpOneEventForFilters(Unknown Source)
	at java.desktop/java.awt.EventDispatchThread.pumpEventsForFilter(Unknown Source)
	at java.desktop/java.awt.EventDispatchThread.pumpEventsForHierarchy(Unknown Source)
	at java.desktop/java.awt.EventDispatchThread.pumpEvents(Unknown Source)
	at java.desktop/java.awt.EventDispatchThread.pumpEvents(Unknown Source)
	at java.desktop/java.awt.EventDispatchThread.run(Unknown Source)
2022-10-06 20:19:11,956 : WARN  : main :  : Node : CSV Reader : 5:1 : Please specify a file
2022-10-08 09:34:00,518 : WARN  : main :  : Node : CSV Reader : 6:1 : Please specify a file
2022-10-08 10:36:38,328 : WARN  : main :  : Node : Rank Correlation : 6:4 : Auto configuration: Using all suitable columns (in total 20)
2022-10-08 10:36:41,923 : WARN  : main :  : Node : Linear Correlation : 6:5 : Auto configuration: Using all suitable columns (in total 20)
2022-10-08 10:38:13,046 : WARN  : KNIME-Worker-28-Rank Correlation 6:4 :  : Node : Rank Correlation : 6:4 : Rows containing missing values are filtered. Please resolve them with the Missing Value node.
2022-10-08 10:38:46,823 : WARN  : KNIME-Worker-29-Linear Correlation 6:5 :  : Node : Linear Correlation : 6:5 : Some numeric column(s) contained missing values: "EauLavage", "RendementLitrePerKg", "TempsPressageHeure", "ProductionLitre", <2 more>...
2022-10-08 10:40:56,449 : WARN  : main :  : Node : Correlation Filter : 6:3 : No such column in input table: PommesTraitesKg
2022-10-08 10:53:31,311 : WARN  : main :  : Node : Numeric Outliers : 6:6 : Auto configuration: Outlier Selection uses all suitable columns (in total 13).
2022-10-08 11:10:01,519 : WARN  : main :  : Node : Feature Selection Loop Start (1:1) : 6:7 : No constant columns selected. Are you sure you don't need a target column?
2022-10-08 11:18:19,463 : WARN  : KNIME-Worker-39-Scatter Plot 6:8 :  : Node : Scatter Plot : 6:8 : Table contains missing or unsupported values - these values will be omitted.
2022-10-08 11:23:47,795 : WARN  : KNIME-Worker-41-Histogram 6:9 :  : Node : Histogram : 6:9 : The following data columns have missing values, which were ignored during the aggregation:
    RendementLitrePerKg [Binned] - 3 missing value(s)
2022-10-08 11:25:47,580 : WARN  : KNIME-Worker-43-Bar Chart 6:10 :  : Node : Bar Chart : 6:10 : The following data columns have missing values, which were ignored during the aggregation:
    RendementLitrePerKg - 3 missing value(s)
2022-10-08 16:45:35,487 : ERROR : KNIME-Worker-54-GroupBy Bar Chart (JFreeChart) 6:13 :  : Node : GroupBy Bar Chart (JFreeChart) : 6:13 : Execute failed: The values in the x-Column are not unique
org.knime.core.node.InvalidSettingsException: The values in the x-Column are not unique
	at org.knime.ext.jfc.node.groupbarchart.JfcGroupBarChartNodeModel.createBarChartDataset(JfcGroupBarChartNodeModel.java:307)
	at org.knime.ext.jfc.node.groupbarchart.JfcGroupBarChartNodeModel.createChart(JfcGroupBarChartNodeModel.java:190)
	at org.knime.ext.jfc.node.base.JfcBaseNodeModel.createChart(JfcBaseNodeModel.java:82)
	at org.knime.ext.jfc.node.base.JfcGenericBaseNodeModel.execute(JfcGenericBaseNodeModel.java:273)
	at org.knime.core.node.NodeModel.executeModel(NodeModel.java:549)
	at org.knime.core.node.Node.invokeFullyNodeModelExecute(Node.java:1267)
	at org.knime.core.node.Node.execute(Node.java:1041)
	at org.knime.core.node.workflow.NativeNodeContainer.performExecuteNode(NativeNodeContainer.java:595)
	at org.knime.core.node.exec.LocalNodeExecutionJob.mainExecute(LocalNodeExecutionJob.java:95)
	at org.knime.core.node.workflow.NodeExecutionJob.internalRun(NodeExecutionJob.java:201)
	at org.knime.core.node.workflow.NodeExecutionJob.run(NodeExecutionJob.java:117)
	at org.knime.core.util.ThreadUtils$RunnableWithContextImpl.runWithContext(ThreadUtils.java:367)
	at org.knime.core.util.ThreadUtils$RunnableWithContext.run(ThreadUtils.java:221)
	at java.base/java.util.concurrent.Executors$RunnableAdapter.call(Unknown Source)
	at java.base/java.util.concurrent.FutureTask.run(Unknown Source)
	at org.knime.core.util.ThreadPool$MyFuture.run(ThreadPool.java:123)
	at org.knime.core.util.ThreadPool$Worker.run(ThreadPool.java:246)
2022-10-08 16:55:52,945 : WARN  : main :  : Node : GroupBy : 6:15 : No grouping column included. Aggregate complete table.
2022-10-08 16:55:52,946 : WARN  : main :  : Node : GroupBy : 6:15 : No aggregation column defined
2022-10-08 16:55:52,946 : WARN  : main :  : Node : GroupBy : 6:15 : No aggregation column defined
2022-10-08 16:55:52,946 : WARN  : main :  : Node : GroupBy : 6:15 : Please select at least one group or aggregation column
2022-10-08 17:21:21,614 : WARN  : main :  : Node : Math Formula (Multi Column) : 6:16 : No configuration available
2022-10-08 23:40:08,307 : WARN  : main :  : Node : CSV Reader : 6:17 : Please specify a file
2022-10-09 11:12:59,522 : ERROR : main :  : MAEFileUtils :  :  : Schrodinger Knime plugins: Neither SCHRODINGER environment nor preference is set. You can set SCHRODINGER installation location in the Schrodinger Preferences.
2022-10-09 11:12:59,524 : WARN  : main :  : SchrodFileUtils :  :  : SCHRODINGER is not set properly.
2022-10-09 11:12:59,529 : WARN  : Thread-10 :  : PythonService :  :  : PythonService is not initilized
2022-10-09 11:12:59,530 : WARN  : Thread-10 :  : PythonService :  :  : Failed to start python service.
2022-10-09 11:14:12,908 : WARN  : ForkJoinPool.commonPool-worker-1 :  : MoePreferencePage :  :  : Path to MOE not set in Preferences. Please check!
2022-10-09 11:14:16,917 : WARN  : main :  : FontStore :  :  : Using the system default font for annotations: Font {140160019487104}
2022-10-09 11:14:53,038 : WARN  : main :  : Node : CSV Reader : 5:1 : Please specify a file
2022-10-09 22:58:08,273 : ERROR : main :  : MAEFileUtils :  :  : Schrodinger Knime plugins: Neither SCHRODINGER environment nor preference is set. You can set SCHRODINGER installation location in the Schrodinger Preferences.
2022-10-09 22:58:08,296 : WARN  : main :  : SchrodFileUtils :  :  : SCHRODINGER is not set properly.
2022-10-09 22:58:08,309 : WARN  : Thread-11 :  : PythonService :  :  : PythonService is not initilized
2022-10-09 22:58:08,309 : WARN  : Thread-11 :  : PythonService :  :  : Failed to start python service.
2022-10-09 23:02:00,684 : WARN  : ForkJoinPool.commonPool-worker-1 :  : MoePreferencePage :  :  : Path to MOE not set in Preferences. Please check!
2022-10-09 23:04:55,391 : WARN  : main :  : FontStore :  :  : Using the system default font for annotations: Font {140093584512528}
2022-10-09 23:10:37,038 : WARN  : main :  : Node : Rank Correlation : 3:4 : Auto configuration: Using all suitable columns (in total 19)
2022-10-11 19:11:27,374 : WARN  : main :  : Node : Interactive Histogram (local) : 3:7 : No column compatible with this node. Column needs to be nominal or numeric and must contain a valid domain. In order to compute the domain of a column use the DomainCalculator or ColumnFilter node.
2022-10-11 19:11:32,820 : ERROR : KNIME-Worker-16-CSV Reader 3:1 :  : Node : CSV Reader : 3:1 : Execute failed: Row with ID 'Row0' can't be converted to the configured data types. Increasing the number of scanned rows or changing the target types might resolve the issue. Content of row: [99995, 3.9, 2000.5, 1, 59969.0, 0.6, 4.04, 0, 4, 2012, 100, 93.8, 6.2, 0.0, 0.0, 1, 0, 0, 0, 0, 0, 0, 0, 0, 0, 1, 1, 0, 0, 0]
org.knime.filehandling.core.node.table.reader.type.mapping.MappingRuntimeException: Row with ID 'Row0' can't be converted to the configured data types. Increasing the number of scanned rows or changing the target types might resolve the issue. Content of row: [99995, 3.9, 2000.5, 1, 59969.0, 0.6, 4.04, 0, 4, 2012, 100, 93.8, 6.2, 0.0, 0.0, 1, 0, 0, 0, 0, 0, 0, 0, 0, 0, 1, 1, 0, 0, 0]
	at org.knime.filehandling.core.node.table.reader.DefaultMultiTableRead.processAndThrowTypeMapperException(DefaultMultiTableRead.java:169)
	at org.knime.filehandling.core.node.table.reader.DefaultMultiTableRead.fillRowOutput(DefaultMultiTableRead.java:137)
	at org.knime.filehandling.core.node.table.reader.MultiTableReader.fillRowOutput(MultiTableReader.java:90)
	at org.knime.filehandling.core.node.table.reader.MultiTableReader.readTable(MultiTableReader.java:173)
	at org.knime.filehandling.core.node.table.reader.TableReaderNodeModel.execute(TableReaderNodeModel.java:160)
	at org.knime.core.node.NodeModel.executeModel(NodeModel.java:549)
	at org.knime.core.node.Node.invokeFullyNodeModelExecute(Node.java:1267)
	at org.knime.core.node.Node.execute(Node.java:1041)
	at org.knime.core.node.workflow.NativeNodeContainer.performExecuteNode(NativeNodeContainer.java:595)
	at org.knime.core.node.exec.LocalNodeExecutionJob.mainExecute(LocalNodeExecutionJob.java:95)
	at org.knime.core.node.workflow.NodeExecutionJob.internalRun(NodeExecutionJob.java:201)
	at org.knime.core.node.workflow.NodeExecutionJob.run(NodeExecutionJob.java:117)
	at org.knime.core.util.ThreadUtils$RunnableWithContextImpl.runWithContext(ThreadUtils.java:367)
	at org.knime.core.util.ThreadUtils$RunnableWithContext.run(ThreadUtils.java:221)
	at java.base/java.util.concurrent.Executors$RunnableAdapter.call(Unknown Source)
	at java.base/java.util.concurrent.FutureTask.run(Unknown Source)
	at org.knime.core.util.ThreadPool$MyFuture.run(ThreadPool.java:123)
	at org.knime.core.util.ThreadPool$Worker.run(ThreadPool.java:246)
Caused by: org.knime.filehandling.core.node.table.reader.type.mapping.TypeMapperException: java.lang.NumberFormatException: For input string: "2000.5"
	at org.knime.filehandling.core.node.table.reader.type.mapping.DefaultTypeMapper.map(DefaultTypeMapper.java:107)
	at org.knime.filehandling.core.node.table.reader.DefaultIndividualTableReader.toRow(DefaultIndividualTableReader.java:108)
	at org.knime.filehandling.core.node.table.reader.DefaultIndividualTableReader.fillOutputWithProgress(DefaultIndividualTableReader.java:146)
	at org.knime.filehandling.core.node.table.reader.DefaultIndividualTableReader.fillOutput(DefaultIndividualTableReader.java:121)
	at org.knime.filehandling.core.node.table.reader.DefaultMultiTableRead.fillRowOutput(DefaultMultiTableRead.java:135)
	... 16 more
Caused by: java.lang.NumberFormatException: For input string: "2000.5"
	at java.base/java.lang.NumberFormatException.forInputString(Unknown Source)
	at java.base/java.lang.Integer.parseInt(Unknown Source)
	at java.base/java.lang.Integer.parseInt(Unknown Source)
	at org.knime.base.node.io.filehandling.csv.reader.api.IntegerParser.parseInt(IntegerParser.java:75)
	at org.knime.base.node.io.filehandling.csv.reader.api.StringReadAdapterFactory$StringToIntCellValueProducer.produceIntCellValue(StringReadAdapterFactory.java:187)
	at org.knime.base.node.io.filehandling.csv.reader.api.StringReadAdapterFactory$StringToIntCellValueProducer.produceIntCellValue(StringReadAdapterFactory.java:1)
	at org.knime.core.data.convert.map.IntCellValueProducer.produceCellValue(IntCellValueProducer.java:79)
	at org.knime.core.data.convert.map.IntCellValueProducer.produceCellValue(IntCellValueProducer.java:1)
	at org.knime.core.data.convert.map.DefaultDataRowProducer$ObjectMapper.map(DefaultDataRowProducer.java:428)
	at org.knime.core.data.convert.map.DefaultDataRowProducer.produceDataRow(DefaultDataRowProducer.java:283)
	at org.knime.filehandling.core.node.table.reader.type.mapping.DefaultTypeMapper.map(DefaultTypeMapper.java:105)
	... 20 more
2022-10-11 19:11:32,838 : WARN  : KNIME-Worker-16-CSV Reader 3:1 :  : Node : Interactive Histogram (local) : 3:7 : No column compatible with this node. Column needs to be nominal or numeric and must contain a valid domain. In order to compute the domain of a column use the DomainCalculator or ColumnFilter node.
2022-10-11 19:12:43,693 : WARN  : main :  : Node : Interactive Histogram (local) : 3:7 : No column compatible with this node. Column needs to be nominal or numeric and must contain a valid domain. In order to compute the domain of a column use the DomainCalculator or ColumnFilter node.
2022-10-11 19:12:45,896 : WARN  : main :  : Node : Interactive Histogram (local) : 3:7 : No column compatible with this node. Column needs to be nominal or numeric and must contain a valid domain. In order to compute the domain of a column use the DomainCalculator or ColumnFilter node.
2022-10-11 19:16:34,210 : WARN  : main :  : Node : Interactive Histogram (local) : 3:7 : No column compatible with this node. Column needs to be nominal or numeric and must contain a valid domain. In order to compute the domain of a column use the DomainCalculator or ColumnFilter node.
2022-10-11 19:16:37,550 : WARN  : KNIME-Worker-20-CSV Reader 3:1 :  : Node : Interactive Histogram (local) : 3:7 : 11 columns without a valid domain will be ignored. In order to calculate the domain use the Nominal Values or Domain Calculator node.
2022-10-11 19:17:30,338 : WARN  : main :  : Node : Interactive Histogram (local) : 3:7 : 11 columns without a valid domain will be ignored. In order to calculate the domain use the Nominal Values or Domain Calculator node.
2022-10-11 19:20:30,985 : WARN  : main :  : Node : Interactive Histogram (local) : 3:7 : No column compatible with this node. Column needs to be nominal or numeric and must contain a valid domain. In order to compute the domain of a column use the DomainCalculator or ColumnFilter node.
2022-10-11 19:20:32,918 : WARN  : main :  : Node : Interactive Histogram (local) : 3:7 : No column compatible with this node. Column needs to be nominal or numeric and must contain a valid domain. In order to compute the domain of a column use the DomainCalculator or ColumnFilter node.
2022-10-11 21:35:59,595 : WARN  : main :  : Node : Numeric Outliers : 3:8 : Auto configuration: Outlier Selection uses all suitable columns (in total 26).
2022-10-12 20:13:41,155 : ERROR : main :  : MAEFileUtils :  :  : Schrodinger Knime plugins: Neither SCHRODINGER environment nor preference is set. You can set SCHRODINGER installation location in the Schrodinger Preferences.
2022-10-12 20:13:41,161 : WARN  : main :  : SchrodFileUtils :  :  : SCHRODINGER is not set properly.
2022-10-12 20:13:41,171 : WARN  : Thread-9 :  : PythonService :  :  : PythonService is not initilized
2022-10-12 20:13:41,172 : WARN  : Thread-9 :  : PythonService :  :  : Failed to start python service.
2022-10-12 20:14:35,216 : WARN  : ForkJoinPool.commonPool-worker-1 :  : MoePreferencePage :  :  : Path to MOE not set in Preferences. Please check!
2022-10-12 20:14:38,118 : WARN  : main :  : FontStore :  :  : Using the system default font for annotations: Font {139998422338896}
2022-10-12 21:50:51,182 : WARN  : main :  : Node : Histogram (local) : 3:12 : Please define the binning column.
2022-11-06 08:20:50,961 : ERROR : main :  : MAEFileUtils :  :  : Schrodinger Knime plugins: Neither SCHRODINGER environment nor preference is set. You can set SCHRODINGER installation location in the Schrodinger Preferences.
2022-11-06 08:20:50,993 : WARN  : main :  : SchrodFileUtils :  :  : SCHRODINGER is not set properly.
2022-11-06 08:20:51,012 : WARN  : Thread-9 :  : PythonService :  :  : PythonService is not initilized
2022-11-06 08:20:51,013 : WARN  : Thread-9 :  : PythonService :  :  : Failed to start python service.
2022-11-06 08:21:49,829 : WARN  : ForkJoinPool.commonPool-worker-1 :  : MoePreferencePage :  :  : Path to MOE not set in Preferences. Please check!
2022-11-06 08:22:19,496 : WARN  : main :  : FontStore :  :  : Using the system default font for annotations: Font {140160018001712}
2022-11-06 08:23:26,951 : WARN  : main :  : Node : CSV Reader : 3:1 : Please specify a file
2022-11-06 08:26:51,334 : WARN  : main :  : Node : Row Filter : 3:3 : No row filter specified
2022-11-06 08:26:56,026 : WARN  : KNIME-Worker-7-CSV Reader 3:1 :  : Node : Row Filter : 3:3 : No row filter specified
2022-11-06 08:27:30,434 : WARN  : main :  : Node : Row Filter : 3:3 : No row filter specified
2022-11-06 08:41:25,032 : WARN  : main :  : Node : Column Splitter : 3:4 : No settings available, passing all columns to top output port.
2022-11-06 08:41:25,033 : WARN  : main :  : Node : Column Splitter : 3:4 : All columns in top partition.
2022-11-06 08:41:29,499 : WARN  : KNIME-Worker-11-Row Filter 3:3 :  : Node : Column Splitter : 3:4 : All columns in top partition.
2022-11-06 08:42:38,572 : WARN  : main :  : Node : Cell Splitter : 3:4 : Specify the column to split.
2022-11-06 08:47:53,445 : WARN  : main :  : Node : String Manipulation : 3:5 : No expression has been set.
2022-11-06 08:56:09,014 : ERROR : main :  : MAEFileUtils :  :  : Schrodinger Knime plugins: Neither SCHRODINGER environment nor preference is set. You can set SCHRODINGER installation location in the Schrodinger Preferences.
2022-11-06 08:56:09,016 : WARN  : main :  : SchrodFileUtils :  :  : SCHRODINGER is not set properly.
2022-11-06 08:56:09,038 : WARN  : Thread-7 :  : PythonService :  :  : PythonService is not initilized
2022-11-06 08:56:09,039 : WARN  : Thread-7 :  : PythonService :  :  : Failed to start python service.
2022-11-06 08:56:33,476 : WARN  : ForkJoinPool.commonPool-worker-1 :  : MoePreferencePage :  :  : Path to MOE not set in Preferences. Please check!
2022-11-06 08:56:58,401 : WARN  : main :  : Node : CSV Reader : 3:1 : Please specify a file
2022-11-06 08:56:58,510 : WARN  : main :  : FontStore :  :  : Using the system default font for annotations: Font {140193710422368}
2022-11-06 09:00:14,342 : WARN  : main :  : Node : String Manipulation : 3:2 : No expression has been set.
2022-11-06 09:03:36,295 : WARN  : main :  : Node : Cell Splitter : 3:3 : Specify the column to split.
2022-11-06 09:05:42,417 : WARN  : main :  : Node : Column Rename : 3:4 : No configuration available
2022-11-06 09:09:32,852 : WARN  : main :  : Node : Math Formula : 3:5 : No configuration available
2022-11-06 09:16:53,273 : WARN  : main :  : Node : Interactive Histogram (local) : 3:6 : 2 columns without a valid domain will be ignored. In order to calculate the domain use the Nominal Values or Domain Calculator node.
2022-11-06 09:16:54,387 : WARN  : main :  : Node : Interactive Histogram (local) : 3:6 : 2 columns without a valid domain will be ignored. In order to calculate the domain use the Nominal Values or Domain Calculator node.
2022-11-06 09:18:21,398 : WARN  : main :  : Node : Row Filter : 3:7 : No row filter specified
2022-11-06 09:18:47,325 : WARN  : KNIME-Worker-12-Math Formula 3:5 :  : Node : Interactive Histogram (local) : 3:6 : Column Description contains no valid domain an will be ignored. In order to calculate the domain use the Nominal Values or Domain Calculator node.
2022-11-06 09:22:43,724 : ERROR : KNIME-Worker-17-GroupBy Bar Chart (JFreeChart) 3:9 :  : Node : GroupBy Bar Chart (JFreeChart) : 3:9 : Execute failed: The values in the x-Column are not unique
org.knime.core.node.InvalidSettingsException: The values in the x-Column are not unique
	at org.knime.ext.jfc.node.groupbarchart.JfcGroupBarChartNodeModel.createBarChartDataset(JfcGroupBarChartNodeModel.java:307)
	at org.knime.ext.jfc.node.groupbarchart.JfcGroupBarChartNodeModel.createChart(JfcGroupBarChartNodeModel.java:190)
	at org.knime.ext.jfc.node.base.JfcBaseNodeModel.createChart(JfcBaseNodeModel.java:82)
	at org.knime.ext.jfc.node.base.JfcGenericBaseNodeModel.execute(JfcGenericBaseNodeModel.java:273)
	at org.knime.core.node.NodeModel.executeModel(NodeModel.java:549)
	at org.knime.core.node.Node.invokeFullyNodeModelExecute(Node.java:1267)
	at org.knime.core.node.Node.execute(Node.java:1041)
	at org.knime.core.node.workflow.NativeNodeContainer.performExecuteNode(NativeNodeContainer.java:595)
	at org.knime.core.node.exec.LocalNodeExecutionJob.mainExecute(LocalNodeExecutionJob.java:95)
	at org.knime.core.node.workflow.NodeExecutionJob.internalRun(NodeExecutionJob.java:201)
	at org.knime.core.node.workflow.NodeExecutionJob.run(NodeExecutionJob.java:117)
	at org.knime.core.util.ThreadUtils$RunnableWithContextImpl.runWithContext(ThreadUtils.java:367)
	at org.knime.core.util.ThreadUtils$RunnableWithContext.run(ThreadUtils.java:221)
	at java.base/java.util.concurrent.Executors$RunnableAdapter.call(Unknown Source)
	at java.base/java.util.concurrent.FutureTask.run(Unknown Source)
	at org.knime.core.util.ThreadPool$MyFuture.run(ThreadPool.java:123)
	at org.knime.core.util.ThreadPool$Worker.run(ThreadPool.java:246)
2022-11-06 09:23:41,271 : ERROR : KNIME-Worker-18-GroupBy Bar Chart (JFreeChart) 3:9 :  : Node : GroupBy Bar Chart (JFreeChart) : 3:9 : Execute failed: The values in the x-Column are not unique
org.knime.core.node.InvalidSettingsException: The values in the x-Column are not unique
	at org.knime.ext.jfc.node.groupbarchart.JfcGroupBarChartNodeModel.createBarChartDataset(JfcGroupBarChartNodeModel.java:307)
	at org.knime.ext.jfc.node.groupbarchart.JfcGroupBarChartNodeModel.createChart(JfcGroupBarChartNodeModel.java:190)
	at org.knime.ext.jfc.node.base.JfcBaseNodeModel.createChart(JfcBaseNodeModel.java:82)
	at org.knime.ext.jfc.node.base.JfcGenericBaseNodeModel.execute(JfcGenericBaseNodeModel.java:273)
	at org.knime.core.node.NodeModel.executeModel(NodeModel.java:549)
	at org.knime.core.node.Node.invokeFullyNodeModelExecute(Node.java:1267)
	at org.knime.core.node.Node.execute(Node.java:1041)
	at org.knime.core.node.workflow.NativeNodeContainer.performExecuteNode(NativeNodeContainer.java:595)
	at org.knime.core.node.exec.LocalNodeExecutionJob.mainExecute(LocalNodeExecutionJob.java:95)
	at org.knime.core.node.workflow.NodeExecutionJob.internalRun(NodeExecutionJob.java:201)
	at org.knime.core.node.workflow.NodeExecutionJob.run(NodeExecutionJob.java:117)
	at org.knime.core.util.ThreadUtils$RunnableWithContextImpl.runWithContext(ThreadUtils.java:367)
	at org.knime.core.util.ThreadUtils$RunnableWithContext.run(ThreadUtils.java:221)
	at java.base/java.util.concurrent.Executors$RunnableAdapter.call(Unknown Source)
	at java.base/java.util.concurrent.FutureTask.run(Unknown Source)
	at org.knime.core.util.ThreadPool$MyFuture.run(ThreadPool.java:123)
	at org.knime.core.util.ThreadPool$Worker.run(ThreadPool.java:246)
2022-11-06 09:25:10,016 : WARN  : main :  : Node : Histogram (local) : 3:9 : Please define the binning column.
2022-11-06 09:26:14,814 : WARN  : main :  : Node : Histogram (local) : 3:9 : Column Description contains no valid domain an will be ignored. In order to calculate the domain use the Nominal Values or Domain Calculator node.
2022-11-06 09:26:16,040 : WARN  : main :  : Node : Histogram (local) : 3:9 : Column Description contains no valid domain an will be ignored. In order to calculate the domain use the Nominal Values or Domain Calculator node.
2022-11-06 09:28:02,426 : WARN  : main :  : Node : Histogram (local) : 3:9 : Column Description contains no valid domain an will be ignored. In order to calculate the domain use the Nominal Values or Domain Calculator node.
2022-11-06 09:28:03,670 : WARN  : main :  : Node : Histogram (local) : 3:9 : Column Description contains no valid domain an will be ignored. In order to calculate the domain use the Nominal Values or Domain Calculator node.
2022-11-06 09:29:20,347 : WARN  : main :  : Node : Histogram (local) : 3:9 : Column Description contains no valid domain an will be ignored. In order to calculate the domain use the Nominal Values or Domain Calculator node.
2022-11-06 09:29:26,131 : WARN  : main :  : Node : Histogram (local) : 3:9 : Column Description contains no valid domain an will be ignored. In order to calculate the domain use the Nominal Values or Domain Calculator node.
2022-11-06 09:29:26,691 : WARN  : main :  : Node : Histogram (local) : 3:9 : Column Description contains no valid domain an will be ignored. In order to calculate the domain use the Nominal Values or Domain Calculator node.
2022-11-06 09:31:36,838 : WARN  : main :  : Node : Histogram (local) : 3:9 : Column Description contains no valid domain an will be ignored. In order to calculate the domain use the Nominal Values or Domain Calculator node.
